2017-09-09 04:02:34 pm [INFO] Archer[#7088] ready for 5435 users in 178 servers! 
2017-09-09 04:04:12 pm [INFO] Archer[#7088] ready for 5443 users in 178 servers! 
2017-09-09 04:04:47 pm [INFO] Archer Testing[#9741] ready for 17 users in 1 servers! 
2017-09-09 05:36:54 pm [INFO] Archer Testing[#9741] ready for 17 users in 1 servers! 
2017-09-09 05:38:14 pm [ERROR]  
	ReferenceError: snekfetch is not defined
    at Object.exports.run (/home/ubuntu/workspace/commands/User/profile.js:35:44)
    at <anonymous>
    at process._tickCallback (internal/process/next_tick.js:188:7)
2017-09-09 05:38:48 pm [INFO] Archer Testing[#9741] ready for 17 users in 1 servers! 
2017-09-09 05:38:56 pm [ERROR]  
	Error: ENOENT: no such file or directory, open '/home/ubuntu/workspace/commands/User/profileImages/logo_horizontal_black.png'
2017-09-09 05:39:27 pm [INFO] Archer Testing[#9741] ready for 17 users in 1 servers! 
2017-09-09 07:52:51 pm [INFO] Archer Testing[#9741] ready for 17 users in 1 servers! 
2017-09-09 07:54:52 pm [INFO] Archer Testing[#9741] ready for 17 users in 1 servers! 
2017-09-09 07:58:43 pm [INFO] Archer Testing[#9741] ready for 17 users in 1 servers! 
2017-09-09 07:59:04 pm [INFO] Archer Testing[#9741] ready for 17 users in 1 servers! 
2017-09-09 08:03:06 pm [INFO] Archer Testing[#9741] ready for 17 users in 1 servers! 
2017-09-09 08:03:59 pm [INFO] Archer Testing[#9741] ready for 17 users in 1 servers! 
2017-09-09 08:10:27 pm [INFO] Archer Testing[#9741] ready for 17 users in 1 servers! 
2017-09-09 08:11:34 pm [INFO] Archer Testing[#9741] ready for 17 users in 1 servers! 
2017-09-09 08:16:26 pm [INFO] Archer Testing[#9741] ready for 17 users in 1 servers! 
2017-09-09 08:17:16 pm [INFO] Archer Testing[#9741] ready for 17 users in 1 servers! 
2017-09-09 08:18:26 pm [INFO] Archer Testing[#9741] ready for 17 users in 1 servers! 
2017-09-09 08:23:15 pm [INFO] Archer Testing[#9741] ready for 17 users in 1 servers! 
2017-09-09 08:26:43 pm [INFO] Archer Testing[#9741] ready for 17 users in 1 servers! 
2017-09-09 08:28:59 pm [INFO] Archer Testing[#9741] ready for 17 users in 1 servers! 
2017-09-09 08:29:42 pm [INFO] Archer Testing[#9741] ready for 18 users in 1 servers! 
2017-09-09 08:30:05 pm [INFO] Archer Testing[#9741] ready for 18 users in 1 servers! 
