2017-09-10 04:50:56 pm [INFO] Archer Testing[#9741] ready for 19 users in 1 servers! 
2017-09-10 04:52:39 pm [INFO] Archer Testing[#9741] ready for 19 users in 1 servers! 
2017-09-10 04:52:39 pm [INFO] Connected to MongoDB 
2017-09-10 05:01:51 pm [INFO] Archer Testing[#9741] ready for 19 users in 1 servers! 
2017-09-10 05:07:10 pm [INFO] Archer Testing[#9741] ready for 19 users in 1 servers! 
2017-09-10 05:08:14 pm [INFO] Archer Testing[#9741] ready for 19 users in 1 servers! 
2017-09-10 05:08:26 pm [INFO] Archer Testing[#9741] ready for 19 users in 1 servers! 
2017-09-10 05:08:26 pm [INFO] Connected to MongoDB 
2017-09-10 05:09:34 pm [INFO] Archer Testing[#9741] ready for 19 users in 1 servers! 
2017-09-10 05:09:34 pm [INFO] Connected to MongoDB 
2017-09-10 05:10:19 pm [INFO] Archer Testing[#9741] ready for 19 users in 1 servers! 
2017-09-10 05:10:19 pm [INFO] Connected to MongoDB 
2017-09-10 05:10:56 pm [INFO] Archer Testing[#9741] ready for 19 users in 1 servers! 
2017-09-10 05:10:56 pm [INFO] results 
2017-09-10 05:10:56 pm [INFO] Connected to MongoDB 
2017-09-10 05:13:39 pm [INFO] Archer Testing[#9741] ready for 19 users in 1 servers! 
2017-09-10 05:13:39 pm [INFO] Connected to MongoDB 
2017-09-10 05:15:52 pm [INFO] Archer Testing[#9741] ready for 19 users in 1 servers! 
2017-09-10 05:15:52 pm [INFO] Connected to MongoDB 
2017-09-10 05:16:25 pm [INFO] Archer Testing[#9741] ready for 19 users in 1 servers! 
2017-09-10 05:16:25 pm [INFO] Connected to MongoDB 
2017-09-10 05:17:01 pm [INFO] Archer Testing[#9741] ready for 19 users in 1 servers! 
2017-09-10 05:17:02 pm [INFO] Connected to MongoDB 
2017-09-10 05:17:20 pm [INFO] Archer Testing[#9741] ready for 19 users in 1 servers! 
2017-09-10 05:17:20 pm [INFO] Connected to MongoDB 
2017-09-10 06:20:11 pm [INFO] Archer Testing[#9741] ready for 18 users in 1 servers! 
2017-09-10 06:20:11 pm [INFO] Connected to MongoDB 
2017-09-10 06:20:47 pm [INFO] Archer Testing[#9741] ready for 18 users in 1 servers! 
2017-09-10 06:20:47 pm [INFO] Connected to MongoDB 
2017-09-10 06:21:12 pm [INFO] Archer Testing[#9741] ready for 18 users in 1 servers! 
2017-09-10 06:21:13 pm [INFO] Connected to MongoDB 
2017-09-10 06:22:02 pm [INFO] Archer Testing[#9741] ready for 18 users in 1 servers! 
2017-09-10 06:22:02 pm [INFO] Connected to MongoDB 
2017-09-10 06:22:51 pm [INFO] Archer Testing[#9741] ready for 18 users in 1 servers! 
2017-09-10 06:22:51 pm [INFO] Connected to MongoDB 
2017-09-10 06:24:15 pm [INFO] Archer Testing[#9741] ready for 18 users in 1 servers! 
2017-09-10 06:24:15 pm [INFO] Connected to MongoDB 
2017-09-10 07:01:34 pm [INFO] Archer Testing[#9741] ready for 18 users in 1 servers! 
2017-09-10 07:01:34 pm [INFO] Connected to MongoDB 
2017-09-10 07:03:22 pm [INFO] Archer Testing[#9741] ready for 18 users in 1 servers! 
2017-09-10 07:03:22 pm [INFO] Connected to MongoDB 
2017-09-10 07:03:29 pm [INFO] Archer Testing[#9741] ready for 18 users in 1 servers! 
2017-09-10 07:03:29 pm [INFO] Connected to MongoDB 
2017-09-10 07:04:27 pm [INFO] Archer Testing[#9741] ready for 18 users in 1 servers! 
2017-09-10 07:04:27 pm [INFO] Connected to MongoDB 
2017-09-10 07:05:39 pm [INFO] Archer Testing[#9741] ready for 18 users in 1 servers! 
2017-09-10 07:05:39 pm [INFO] Connected to MongoDB 
2017-09-10 07:06:51 pm [INFO] Archer Testing[#9741] ready for 18 users in 1 servers! 
2017-09-10 07:06:51 pm [INFO] Connected to MongoDB 
2017-09-10 07:15:01 pm [INFO] Archer Testing[#9741] ready for 18 users in 1 servers! 
2017-09-10 07:15:01 pm [INFO] Connected to MongoDB 
2017-09-10 07:15:54 pm [INFO] Archer Testing[#9741] ready for 18 users in 1 servers! 
2017-09-10 07:15:55 pm [INFO] Connected to MongoDB 
2017-09-10 07:17:06 pm [INFO] Archer Testing[#9741] ready for 18 users in 1 servers! 
2017-09-10 07:17:07 pm [INFO] Connected to MongoDB 
2017-09-10 07:17:42 pm [INFO] Archer Testing[#9741] ready for 18 users in 1 servers! 
2017-09-10 07:17:42 pm [INFO] Connected to MongoDB 
2017-09-10 07:18:19 pm [INFO] Archer Testing[#9741] ready for 18 users in 1 servers! 
2017-09-10 07:18:19 pm [INFO] Connected to MongoDB 
2017-09-10 07:19:34 pm [INFO] Archer Testing[#9741] ready for 18 users in 1 servers! 
2017-09-10 07:19:34 pm [INFO] Connected to MongoDB 
2017-09-10 07:20:52 pm [INFO] Archer Testing[#9741] ready for 18 users in 1 servers! 
2017-09-10 07:20:52 pm [INFO] Connected to MongoDB 
2017-09-10 07:21:21 pm [INFO] Archer Testing[#9741] ready for 18 users in 1 servers! 
2017-09-10 07:21:21 pm [INFO] Connected to MongoDB 
2017-09-10 07:21:32 pm [INFO] Archer Testing[#9741] ready for 18 users in 1 servers! 
2017-09-10 07:21:32 pm [INFO] Connected to MongoDB 
2017-09-10 07:21:45 pm [INFO]  
	{ members: { guild: { '$ref': '$' } },
  channels: { guild: { '$ref': '$' } },
  roles: { guild: { '$ref': '$' } },
  presences: {},
  available: true,
  id: '354803167562825730',
  name: 'Archer',
  icon: 'cdf678515ed673bab9cdf6fab1416841',
  splash: null,
  region: 'us-south',
  memberCount: 17,
  large: false,
  features: [],
  applicationID: null,
  afkTimeout: 300,
  afkChannelID: null,
  systemChannelID: null,
  embedEnabled: undefined,
  verificationLevel: 1,
  explicitContentFilter: 0,
  joinedTimestamp: 1504663945274,
  ownerID: '145749360515219456',
  voiceStates: { guild: { '$ref': '$' } },
  emojis: { guild: { '$ref': '$' } } }
2017-09-10 07:23:34 pm [INFO] Archer Testing[#9741] ready for 18 users in 1 servers! 
2017-09-10 07:23:34 pm [INFO] Connected to MongoDB 
2017-09-10 07:24:19 pm [INFO] Archer Testing[#9741] ready for 18 users in 1 servers! 
2017-09-10 07:24:19 pm [INFO] Connected to MongoDB 
2017-09-10 07:25:11 pm [INFO] Archer Testing[#9741] ready for 18 users in 1 servers! 
2017-09-10 07:25:12 pm [INFO] Connected to MongoDB 
2017-09-10 07:38:40 pm [INFO] Archer Testing[#9741] ready for 18 users in 1 servers! 
2017-09-10 07:38:41 pm [INFO] Connected to MongoDB 
2017-09-10 07:39:44 pm [INFO] Archer[#7088] ready for 5440 users in 176 servers! 
2017-09-10 07:39:44 pm [INFO] Connected to MongoDB 
2017-09-10 07:42:42 pm [INFO] Archer[#7088] ready for 5430 users in 176 servers! 
2017-09-10 07:42:42 pm [INFO] Connected to MongoDB 
